# JRE version: OpenJDK Runtime Environment (11.0.15) (build 11.0.15+0-b2043.56-9505619)
# Java VM: OpenJDK 64-Bit Server VM (11.0.15+0-b2043.56-9505619, mixed mode, tiered, compressed oops, g1 gc, windows-amd64)
Heap:
 garbage-first heap   total 514048K, used 444301K [0x0000000080000000, 0x0000000100000000)
  region size 1024K, 180 young (184320K), 6 survivors (6144K)
 Metaspace       used 148939K, capacity 152893K, committed 153040K, reserved 1181696K
  class space    used 18456K, capacity 19994K, committed 20000K, reserved 1048576K
GC Heap History (20 events):
Event: 10891.466 GC heap before
{Heap before GC invocations=127 (full 0):
 garbage-first heap   total 446464K, used 375935K [0x0000000080000000, 0x0000000100000000)
  region size 1024K, 89 young (91136K), 13 survivors (13312K)
 Metaspace       used 148863K, capacity 152851K, committed 153040K, reserved 1181696K
  class space    used 18445K, capacity 19983K, committed 20000K, reserved 1048576K
}
Event: 10891.490 GC heap after
{Heap after GC invocations=128 (full 0):
 garbage-first heap   total 514048K, used 309248K [0x0000000080000000, 0x0000000100000000)
  region size 1024K, 12 young (12288K), 12 survivors (12288K)
 Metaspace       used 148863K, capacity 152851K, committed 153040K, reserved 1181696K
  class space    used 18445K, capacity 19983K, committed 20000K, reserved 1048576K
}
Event: 10891.854 GC heap before
{Heap before GC invocations=128 (full 0):
 garbage-first heap   total 514048K, used 415744K [0x0000000080000000, 0x0000000100000000)
  region size 1024K, 116 young (118784K), 12 survivors (12288K)
 Metaspace       used 148870K, capacity 152855K, committed 153040K, reserved 1181696K
  class space    used 18446K, capacity 19984K, committed 20000K, reserved 1048576K
}
Event: 10891.868 GC heap after
{Heap after GC invocations=129 (full 0):
 garbage-first heap   total 514048K, used 312832K [0x0000000080000000, 0x0000000100000000)
  region size 1024K, 4 young (4096K), 4 survivors (4096K)
 Metaspace       used 148870K, capacity 152855K, committed 153040K, reserved 1181696K
  class space    used 18446K, capacity 19984K, committed 20000K, reserved 1048576K
}
Event: 10892.137 GC heap before
{Heap before GC invocations=129 (full 0):
 garbage-first heap   total 514048K, used 422400K [0x0000000080000000, 0x0000000100000000)
  region size 1024K, 111 young (113664K), 4 survivors (4096K)
 Metaspace       used 148881K, capacity 152864K, committed 153040K, reserved 1181696K
  class space    used 18448K, capacity 19987K, committed 20000K, reserved 1048576K
}
Event: 10892.145 GC heap after
{Heap after GC invocations=130 (full 0):
 garbage-first heap   total 514048K, used 313016K [0x0000000080000000, 0x0000000100000000)
  region size 1024K, 4 young (4096K), 4 survivors (4096K)
 Metaspace       used 148881K, capacity 152864K, committed 153040K, reserved 1181696K
  class space    used 18448K, capacity 19987K, committed 20000K, reserved 1048576K
}
Event: 10892.767 GC heap before
{Heap before GC invocations=131 (full 0):
 garbage-first heap   total 514048K, used 413368K [0x0000000080000000, 0x0000000100000000)
  region size 1024K, 116 young (118784K), 4 survivors (4096K)
 Metaspace       used 148883K, capacity 152864K, committed 153040K, reserved 1181696K
  class space    used 18448K, capacity 19987K, committed 20000K, reserved 1048576K
}
Event: 10892.774 GC heap after
{Heap after GC invocations=132 (full 0):
 garbage-first heap   total 514048K, used 298513K [0x0000000080000000, 0x0000000100000000)
  region size 1024K, 4 young (4096K), 4 survivors (4096K)
 Metaspace       used 148883K, capacity 152864K, committed 153040K, reserved 1181696K
  class space    used 18448K, capacity 19987K, committed 20000K, reserved 1048576K
}
Event: 10892.825 GC heap before
{Heap before GC invocations=132 (full 0):
 garbage-first heap   total 514048K, used 318993K [0x0000000080000000, 0x0000000100000000)
  region size 1024K, 25 young (25600K), 4 survivors (4096K)
 Metaspace       used 148884K, capacity 152864K, committed 153040K, reserved 1181696K
  class space    used 18448K, capacity 19987K, committed 20000K, reserved 1048576K
}
Event: 10892.845 GC heap after
{Heap after GC invocations=133 (full 0):
 garbage-first heap   total 514048K, used 262825K [0x0000000080000000, 0x0000000100000000)
  region size 1024K, 2 young (2048K), 2 survivors (2048K)
 Metaspace       used 148884K, capacity 152864K, committed 153040K, reserved 1181696K
  class space    used 18448K, capacity 19987K, committed 20000K, reserved 1048576K
}
Event: 10893.247 GC heap before
{Heap before GC invocations=133 (full 0):
 garbage-first heap   total 514048K, used 413353K [0x0000000080000000, 0x0000000100000000)
  region size 1024K, 149 young (152576K), 2 survivors (2048K)
 Metaspace       used 148899K, capacity 152883K, committed 153040K, reserved 1181696K
  class space    used 18451K, capacity 19993K, committed 20000K, reserved 1048576K
}
Event: 10893.256 GC heap after
{Heap after GC invocations=134 (full 0):
 garbage-first heap   total 514048K, used 262677K [0x0000000080000000, 0x0000000100000000)
  region size 1024K, 2 young (2048K), 2 survivors (2048K)
 Metaspace       used 148899K, capacity 152883K, committed 153040K, reserved 1181696K
  class space    used 18451K, capacity 19993K, committed 20000K, reserved 1048576K
}
Event: 10893.632 GC heap before
{Heap before GC invocations=134 (full 0):
 garbage-first heap   total 514048K, used 418325K [0x0000000080000000, 0x0000000100000000)
  region size 1024K, 154 young (157696K), 2 survivors (2048K)
 Metaspace       used 148904K, capacity 152884K, committed 153040K, reserved 1181696K
  class space    used 18451K, capacity 19993K, committed 20000K, reserved 1048576K
}
Event: 10893.646 GC heap after
{Heap after GC invocations=135 (full 0):
 garbage-first heap   total 514048K, used 263494K [0x0000000080000000, 0x0000000100000000)
  region size 1024K, 3 young (3072K), 3 survivors (3072K)
 Metaspace       used 148904K, capacity 152884K, committed 153040K, reserved 1181696K
  class space    used 18451K, capacity 19993K, committed 20000K, reserved 1048576K
}
Event: 10894.059 GC heap before
{Heap before GC invocations=135 (full 0):
 garbage-first heap   total 514048K, used 423238K [0x0000000080000000, 0x0000000100000000)
  region size 1024K, 159 young (162816K), 3 survivors (3072K)
 Metaspace       used 148906K, capacity 152884K, committed 153040K, reserved 1181696K
  class space    used 18451K, capacity 19993K, committed 20000K, reserved 1048576K
}
Event: 10894.065 GC heap after
{Heap after GC invocations=136 (full 0):
 garbage-first heap   total 514048K, used 264570K [0x0000000080000000, 0x0000000100000000)
  region size 1024K, 4 young (4096K), 4 survivors (4096K)
 Metaspace       used 148906K, capacity 152884K, committed 153040K, reserved 1181696K
  class space    used 18451K, capacity 19993K, committed 20000K, reserved 1048576K
}
Event: 10894.477 GC heap before
{Heap before GC invocations=136 (full 0):
 garbage-first heap   total 514048K, used 433530K [0x0000000080000000, 0x0000000100000000)
  region size 1024K, 169 young (173056K), 4 survivors (4096K)
 Metaspace       used 148916K, capacity 152886K, committed 153040K, reserved 1181696K
  class space    used 18455K, capacity 19993K, committed 20000K, reserved 1048576K
}
Event: 10894.485 GC heap after
{Heap after GC invocations=137 (full 0):
 garbage-first heap   total 514048K, used 264858K [0x0000000080000000, 0x0000000100000000)
  region size 1024K, 4 young (4096K), 4 survivors (4096K)
 Metaspace       used 148916K, capacity 152886K, committed 153040K, reserved 1181696K
  class space    used 18455K, capacity 19993K, committed 20000K, reserved 1048576K
}
Event: 10894.959 GC heap before
{Heap before GC invocations=137 (full 0):
 garbage-first heap   total 514048K, used 444058K [0x0000000080000000, 0x0000000100000000)
  region size 1024K, 179 young (183296K), 4 survivors (4096K)
 Metaspace       used 148921K, capacity 152888K, committed 153040K, reserved 1181696K
  class space    used 18455K, capacity 19993K, committed 20000K, reserved 1048576K
}
Event: 10894.970 GC heap after
{Heap after GC invocations=138 (full 0):
 garbage-first heap   total 514048K, used 266125K [0x0000000080000000, 0x0000000100000000)
  region size 1024K, 6 young (6144K), 6 survivors (6144K)
 Metaspace       used 148921K, capacity 152888K, committed 153040K, reserved 1181696K
  class space    used 18455K, capacity 19993K, committed 20000K, reserved 1048576K
}

